<?xml version="1.0" encoding="UTF-8"?>
<!-- Generated by org.testng.reporters.JUnitReportReporter -->
<testsuite hostname="LAPTOP-LUVA64PE" failures="0" tests="2" name="day05.program02" time="0.010" errors="0" timestamp="2023-02-24T17:00:08 IST" skipped="0">
  <testcase classname="day05.program02" name="testcase04" time="0.002"/>
  <system-out/>
  <testcase classname="day05.program02" name="testcase02" time="0.008"/>
  <system-out/>
</testsuite> <!-- day05.program02 -->
