<?xml version="1.0" encoding="UTF-8"?>
<!-- Generated by org.testng.reporters.JUnitReportReporter -->
<testsuite hostname="LAPTOP-LUVA64PE" failures="0" tests="3" name="day06.program02" time="0.009" errors="0" timestamp="2023-02-27T08:43:28 IST" skipped="0">
  <testcase classname="day06.program02" name="testCase04" time="0.002"/>
  <system-out/>
  <testcase classname="day06.program02" name="testCase01" time="0.006"/>
  <system-out/>
  <testcase classname="day06.program02" name="testCase05" time="0.001"/>
  <system-out/>
</testsuite> <!-- day06.program02 -->
