<?xml version="1.0" encoding="UTF-8"?>
<!-- Generated by org.testng.reporters.JUnitReportReporter -->
<testsuite hostname="LAPTOP-LUVA64PE" failures="0" tests="4" name="day06.program03" time="0.010" errors="0" timestamp="2023-02-27T09:02:45 IST" skipped="0">
  <testcase classname="day06.program03" name="logIn" time="0.001"/>
  <system-out/>
  <testcase classname="day06.program03" name="logIn" time="0.004"/>
  <system-out/>
  <testcase classname="day06.program03" name="logIn" time="0.001"/>
  <system-out/>
  <testcase classname="day06.program03" name="logIn" time="0.004"/>
  <system-out/>
</testsuite> <!-- day06.program03 -->
