<?xml version="1.0" encoding="UTF-8"?>
<!-- Generated by org.testng.reporters.JUnitReportReporter -->
<testsuite hostname="LAPTOP-LUVA64PE" failures="0" tests="4" name="day06.program04" time="42.520" errors="0" timestamp="2023-02-28T07:15:18 IST" skipped="0">
  <testcase classname="day06.program04" name="logIn" time="6.585"/>
  <system-out/>
  <testcase classname="day06.program04" name="logIn" time="20.531"/>
  <system-out/>
  <testcase classname="day06.program04" name="logIn" time="6.971"/>
  <system-out/>
  <testcase classname="day06.program04" name="logIn" time="8.433"/>
  <system-out/>
</testsuite> <!-- day06.program04 -->
