<?xml version="1.0" encoding="UTF-8"?>
<!-- Generated by org.testng.reporters.JUnitReportReporter -->
<testsuite hostname="LAPTOP-LUVA64PE" failures="0" tests="4" name="day05.program01" time="0.008" errors="0" timestamp="2023-02-24T16:56:34 IST" skipped="1">
  <testcase classname="day05.program01" name="testcase01" time="0.006"/>
  <system-out/>
  <testcase classname="day05.program01" name="testcase03" time="0.001"/>
  <system-out/>
  <testcase classname="day05.program01" name="testcase04" time="0.001"/>
  <system-out/>
  <testcase classname="day05.program01" name="testcase02">
    <skipped/>
  </testcase> <!-- testcase02 -->
  <system-out/>
</testsuite> <!-- day05.program01 -->
