<?xml version="1.0" encoding="UTF-8"?>
<!-- Generated by org.testng.reporters.JUnitReportReporter -->
<testsuite hostname="LAPTOP-LUVA64PE" failures="0" tests="1" name="day09.project" time="9.079" errors="0" timestamp="2023-03-14T19:31:46 GMT-06:00" skipped="0">
  <testcase classname="day09.project" name="testcase01" time="9.079"/>
  <system-out/>
</testsuite> <!-- day09.project -->
