<?xml version="1.0" encoding="UTF-8"?>
<!-- Generated by org.testng.reporters.JUnitReportReporter -->
<testsuite hostname="LAPTOP-LUVA64PE" failures="0" tests="4" name="day05.program03" time="0.004" errors="0" timestamp="2023-02-24T17:00:08 IST" skipped="0">
  <testcase classname="day05.program03" name="testcase02" time="0.001"/>
  <system-out/>
  <testcase classname="day05.program03" name="testcase04" time="0.001"/>
  <system-out/>
  <testcase classname="day05.program03" name="testcase01" time="0.001"/>
  <system-out/>
  <testcase classname="day05.program03" name="testcase03" time="0.001"/>
  <system-out/>
</testsuite> <!-- day05.program03 -->
