<?xml version="1.0" encoding="UTF-8"?>
<!-- Generated by org.testng.reporters.JUnitReportReporter -->
<testsuite hostname="LAPTOP-LUVA64PE" failures="0" tests="4" name="day06.program03" time="49.937" errors="0" timestamp="2023-02-28T07:06:56 IST" skipped="0">
  <testcase classname="day06.program03" name="logIn" time="14.112"/>
  <system-out/>
  <testcase classname="day06.program03" name="logIn" time="9.868"/>
  <system-out/>
  <testcase classname="day06.program03" name="logIn" time="6.199"/>
  <system-out/>
  <testcase classname="day06.program03" name="logIn" time="19.758"/>
  <system-out/>
</testsuite> <!-- day06.program03 -->
